2024-06-09T16:13:42.806+03:00  INFO 8776 --- [restartedMain] com.svoiapp.SvoiAppApplication           : Starting SvoiAppApplication using Java 17.0.2 with PID 8776 (D:\SvoiApp\target\classes started by Mari in D:\SvoiApp)
2024-06-09T16:13:42.812+03:00  INFO 8776 --- [restartedMain] com.svoiapp.SvoiAppApplication           : No active profile set, falling back to 1 default profile: "default"
2024-06-09T16:13:42.852+03:00  INFO 8776 --- [restartedMain] o.s.b.devtools.restart.ChangeableUrls    : The Class-Path manifest attribute in C:\Users\Mari\.m2\repository\com\sun\xml\bind\jaxb-impl\4.0.1\jaxb-impl-4.0.1.jar referenced one or more files that do not exist: file:/C:/Users/Mari/.m2/repository/com/sun/xml/bind/jaxb-impl/4.0.1/jaxb-core.jar,file:/C:/Users/Mari/.m2/repository/com/sun/xml/bind/jaxb-impl/4.0.1/angus-activation.jar
2024-06-09T16:13:42.852+03:00  INFO 8776 --- [restartedMain] o.s.b.devtools.restart.ChangeableUrls    : The Class-Path manifest attribute in C:\Users\Mari\.m2\repository\com\sun\xml\bind\jaxb-core\4.0.1\jaxb-core-4.0.1.jar referenced one or more files that do not exist: file:/C:/Users/Mari/.m2/repository/com/sun/xml/bind/jaxb-core/4.0.1/jakarta.activation-api.jar,file:/C:/Users/Mari/.m2/repository/com/sun/xml/bind/jaxb-core/4.0.1/jakarta.xml.bind-api.jar
2024-06-09T16:13:42.852+03:00  INFO 8776 --- [restartedMain] .e.DevToolsPropertyDefaultsPostProcessor : Devtools property defaults active! Set 'spring.devtools.add-properties' to 'false' to disable
2024-06-09T16:13:42.852+03:00  INFO 8776 --- [restartedMain] .e.DevToolsPropertyDefaultsPostProcessor : For additional web related logging consider setting the 'logging.level.web' property to 'DEBUG'
2024-06-09T16:13:43.581+03:00  INFO 8776 --- [restartedMain] .s.d.r.c.RepositoryConfigurationDelegate : Multiple Spring Data modules found, entering strict repository configuration mode
2024-06-09T16:13:43.581+03:00  INFO 8776 --- [restartedMain] .s.d.r.c.RepositoryConfigurationDelegate : Bootstrapping Spring Data JDBC repositories in DEFAULT mode.
2024-06-09T16:13:43.596+03:00  INFO 8776 --- [restartedMain] .RepositoryConfigurationExtensionSupport : Spring Data JDBC - Could not safely identify store assignment for repository candidate interface com.svoiapp.repo.AuthRepo; If you want this repository to be a JDBC repository, consider annotating your entities with one of these annotations: org.springframework.data.relational.core.mapping.Table.
2024-06-09T16:13:43.596+03:00  INFO 8776 --- [restartedMain] .RepositoryConfigurationExtensionSupport : Spring Data JDBC - Could not safely identify store assignment for repository candidate interface com.svoiapp.repo.DataRepo; If you want this repository to be a JDBC repository, consider annotating your entities with one of these annotations: org.springframework.data.relational.core.mapping.Table.
2024-06-09T16:13:43.596+03:00  INFO 8776 --- [restartedMain] .s.d.r.c.RepositoryConfigurationDelegate : Finished Spring Data repository scanning in 25 ms. Found 0 JDBC repository interfaces.
2024-06-09T16:13:43.612+03:00  INFO 8776 --- [restartedMain] .s.d.r.c.RepositoryConfigurationDelegate : Multiple Spring Data modules found, entering strict repository configuration mode
2024-06-09T16:13:43.612+03:00  INFO 8776 --- [restartedMain] .s.d.r.c.RepositoryConfigurationDelegate : Bootstrapping Spring Data JPA repositories in DEFAULT mode.
2024-06-09T16:13:43.643+03:00  INFO 8776 --- [restartedMain] .s.d.r.c.RepositoryConfigurationDelegate : Finished Spring Data repository scanning in 26 ms. Found 2 JPA repository interfaces.
2024-06-09T16:13:43.971+03:00  INFO 8776 --- [restartedMain] trationDelegate$BeanPostProcessorChecker : Bean 'org.springframework.ws.config.annotation.DelegatingWsConfiguration' of type [org.springframework.ws.config.annotation.DelegatingWsConfiguration$$SpringCGLIB$$0] is not eligible for getting processed by all BeanPostProcessors (for example: not eligible for auto-proxying)
2024-06-09T16:13:44.018+03:00  INFO 8776 --- [restartedMain] .w.s.a.s.AnnotationActionEndpointMapping : Supporting [WS-Addressing August 2004, WS-Addressing 1.0]
2024-06-09T16:13:44.299+03:00  INFO 8776 --- [restartedMain] o.s.b.w.embedded.tomcat.TomcatWebServer  : Tomcat initialized with port(s): 8080 (http)
2024-06-09T16:13:44.299+03:00  INFO 8776 --- [restartedMain] o.apache.catalina.core.StandardService   : Starting service [Tomcat]
2024-06-09T16:13:44.299+03:00  INFO 8776 --- [restartedMain] o.apache.catalina.core.StandardEngine    : Starting Servlet engine: [Apache Tomcat/10.1.4]
2024-06-09T16:13:44.378+03:00  INFO 8776 --- [restartedMain] o.a.c.c.C.[Tomcat].[localhost].[/]       : Initializing Spring embedded WebApplicationContext
2024-06-09T16:13:44.378+03:00  INFO 8776 --- [restartedMain] w.s.c.ServletWebServerApplicationContext : Root WebApplicationContext: initialization completed in 1526 ms
2024-06-09T16:13:44.534+03:00  INFO 8776 --- [restartedMain] o.f.c.internal.license.VersionPrinter    : Flyway Community Edition 9.5.1 by Redgate
2024-06-09T16:13:44.534+03:00  INFO 8776 --- [restartedMain] o.f.c.internal.license.VersionPrinter    : See what's new here: https://flywaydb.org/documentation/learnmore/releaseNotes#9.5.1
2024-06-09T16:13:44.534+03:00  INFO 8776 --- [restartedMain] o.f.c.internal.license.VersionPrinter    : 
2024-06-09T16:13:44.534+03:00  INFO 8776 --- [restartedMain] com.zaxxer.hikari.HikariDataSource       : HikariPool-1 - Starting...
2024-06-09T16:13:44.534+03:00  WARN 8776 --- [restartedMain] c.zaxxer.hikari.util.DriverDataSource    : Registered driver with driverClassName=com.mysql.jdbc.Driver was not found, trying direct instantiation.
2024-06-09T16:13:44.862+03:00  INFO 8776 --- [restartedMain] com.zaxxer.hikari.pool.HikariPool        : HikariPool-1 - Added connection com.mysql.cj.jdbc.ConnectionImpl@589543de
2024-06-09T16:13:44.862+03:00  INFO 8776 --- [restartedMain] com.zaxxer.hikari.HikariDataSource       : HikariPool-1 - Start completed.
2024-06-09T16:13:44.893+03:00  INFO 8776 --- [restartedMain] o.f.c.i.database.base.BaseDatabaseType   : Database: jdbc:mysql://localhost:3306/svoi (MySQL 8.0)
2024-06-09T16:13:44.956+03:00  INFO 8776 --- [restartedMain] o.f.core.internal.command.DbValidate     : Successfully validated 4 migrations (execution time 00:00.035s)
2024-06-09T16:13:44.971+03:00  INFO 8776 --- [restartedMain] o.f.core.internal.command.DbMigrate      : Current version of schema `svoi`: 4
2024-06-09T16:13:44.971+03:00  WARN 8776 --- [restartedMain] o.f.core.internal.command.DbMigrate      : Schema `svoi` has a version (4) that is newer than the latest available migration (3) !
2024-06-09T16:13:44.971+03:00  WARN 8776 --- [restartedMain] o.f.core.internal.command.DbMigrate      : Schema `svoi` contains a failed future migration to version 4 !
2024-06-09T16:13:44.987+03:00  INFO 8776 --- [restartedMain] o.f.core.internal.command.DbMigrate      : Schema `svoi` is up to date. No migration necessary.
2024-06-09T16:13:45.092+03:00  INFO 8776 --- [restartedMain] o.hibernate.jpa.internal.util.LogHelper  : HHH000204: Processing PersistenceUnitInfo [name: default]
2024-06-09T16:13:45.164+03:00  INFO 8776 --- [restartedMain] org.hibernate.Version                    : HHH000412: Hibernate ORM core version 6.1.6.Final
2024-06-09T16:13:45.289+03:00  WARN 8776 --- [restartedMain] org.hibernate.orm.deprecation            : HHH90000021: Encountered deprecated setting [javax.persistence.sharedCache.mode], use [jakarta.persistence.sharedCache.mode] instead
2024-06-09T16:13:45.461+03:00  INFO 8776 --- [restartedMain] SQL dialect                              : HHH000400: Using dialect: org.hibernate.dialect.MySQLDialect
2024-06-09T16:13:45.978+03:00  INFO 8776 --- [restartedMain] o.h.e.t.j.p.i.JtaPlatformInitiator       : HHH000490: Using JtaPlatform implementation: [org.hibernate.engine.transaction.jta.platform.internal.NoJtaPlatform]
2024-06-09T16:13:45.978+03:00  INFO 8776 --- [restartedMain] j.LocalContainerEntityManagerFactoryBean : Initialized JPA EntityManagerFactory for persistence unit 'default'
2024-06-09T16:13:46.338+03:00  WARN 8776 --- [restartedMain] JpaBaseConfiguration$JpaWebConfiguration : spring.jpa.open-in-view is enabled by default. Therefore, database queries may be performed during view rendering. Explicitly configure spring.jpa.open-in-view to disable this warning
2024-06-09T16:13:46.495+03:00  INFO 8776 --- [restartedMain] o.s.s.web.DefaultSecurityFilterChain     : Will secure any request with [org.springframework.security.web.session.DisableEncodeUrlFilter@33094f40, org.springframework.security.web.context.request.async.WebAsyncManagerIntegrationFilter@4b60eb76, org.springframework.security.web.context.SecurityContextHolderFilter@59564e56, org.springframework.security.web.header.HeaderWriterFilter@15a4c3d1, org.springframework.security.web.csrf.CsrfFilter@182abbf7, org.springframework.security.web.authentication.logout.LogoutFilter@451afb5e, org.springframework.security.web.authentication.UsernamePasswordAuthenticationFilter@8fd0278, org.springframework.security.web.authentication.ui.DefaultLoginPageGeneratingFilter@3fc839a4, org.springframework.security.web.authentication.ui.DefaultLogoutPageGeneratingFilter@3af6abd, org.springframework.security.web.savedrequest.RequestCacheAwareFilter@219adde8, org.springframework.security.web.servletapi.SecurityContextHolderAwareRequestFilter@c86273f, org.springframework.security.web.authentication.AnonymousAuthenticationFilter@63a14672, org.springframework.security.web.access.ExceptionTranslationFilter@241944e0, org.springframework.security.web.access.intercept.AuthorizationFilter@1afa4fa8]
2024-06-09T16:13:46.495+03:00  INFO 8776 --- [restartedMain] o.s.s.web.DefaultSecurityFilterChain     : Will secure any request with [org.springframework.security.web.session.DisableEncodeUrlFilter@6167c018, org.springframework.security.web.context.request.async.WebAsyncManagerIntegrationFilter@57b95340, org.springframework.security.web.context.SecurityContextHolderFilter@5621c520, org.springframework.security.web.header.HeaderWriterFilter@40094c07, org.springframework.security.web.csrf.CsrfFilter@3fdb3eb, org.springframework.security.web.authentication.logout.LogoutFilter@2bfb698a, org.springframework.security.web.savedrequest.RequestCacheAwareFilter@5cc2c297, org.springframework.security.web.servletapi.SecurityContextHolderAwareRequestFilter@1114ef83, org.springframework.security.web.authentication.AnonymousAuthenticationFilter@79ec5857, org.springframework.security.web.session.SessionManagementFilter@6cc8221, org.springframework.security.web.access.ExceptionTranslationFilter@336c7a32]
2024-06-09T16:13:47.119+03:00  INFO 8776 --- [restartedMain] o.s.b.d.a.OptionalLiveReloadServer       : LiveReload server is running on port 35729
2024-06-09T16:13:47.151+03:00  INFO 8776 --- [restartedMain] o.s.b.w.embedded.tomcat.TomcatWebServer  : Tomcat started on port(s): 8080 (http) with context path ''
2024-06-09T16:13:47.166+03:00  INFO 8776 --- [restartedMain] com.svoiapp.SvoiAppApplication           : Started SvoiAppApplication in 4.764 seconds (process running for 5.808)
2024-06-09T16:13:52.880+03:00  INFO 8776 --- [http-nio-8080-exec-1] o.a.c.c.C.[Tomcat].[localhost].[/]       : Initializing Spring DispatcherServlet 'dispatcherServlet'
2024-06-09T16:13:52.880+03:00  INFO 8776 --- [http-nio-8080-exec-1] o.s.web.servlet.DispatcherServlet        : Initializing Servlet 'dispatcherServlet'
2024-06-09T16:13:52.880+03:00  INFO 8776 --- [http-nio-8080-exec-1] o.s.web.servlet.DispatcherServlet        : Completed initialization in 0 ms
2024-06-09T16:13:52.912+03:00  INFO 8776 --- [http-nio-8080-exec-1] c.svoiapp.controller.web.MainController  : ******************* in mehtod: home. logged in
2024-06-09T16:14:23.093+03:00  INFO 8776 --- [SpringApplicationShutdownHook] j.LocalContainerEntityManagerFactoryBean : Closing JPA EntityManagerFactory for persistence unit 'default'
2024-06-09T16:14:23.093+03:00  INFO 8776 --- [SpringApplicationShutdownHook] com.zaxxer.hikari.HikariDataSource       : HikariPool-1 - Shutdown initiated...
2024-06-09T16:14:23.108+03:00  INFO 8776 --- [SpringApplicationShutdownHook] com.zaxxer.hikari.HikariDataSource       : HikariPool-1 - Shutdown completed.
2024-06-09T16:14:26.019+03:00  INFO 19340 --- [restartedMain] com.svoiapp.SvoiAppApplication           : Starting SvoiAppApplication using Java 17.0.2 with PID 19340 (D:\SvoiApp\target\classes started by Mari in D:\SvoiApp)
2024-06-09T16:14:26.019+03:00  INFO 19340 --- [restartedMain] com.svoiapp.SvoiAppApplication           : No active profile set, falling back to 1 default profile: "default"
2024-06-09T16:14:26.057+03:00  INFO 19340 --- [restartedMain] o.s.b.devtools.restart.ChangeableUrls    : The Class-Path manifest attribute in C:\Users\Mari\.m2\repository\com\sun\xml\bind\jaxb-impl\4.0.1\jaxb-impl-4.0.1.jar referenced one or more files that do not exist: file:/C:/Users/Mari/.m2/repository/com/sun/xml/bind/jaxb-impl/4.0.1/jaxb-core.jar,file:/C:/Users/Mari/.m2/repository/com/sun/xml/bind/jaxb-impl/4.0.1/angus-activation.jar
2024-06-09T16:14:26.057+03:00  INFO 19340 --- [restartedMain] o.s.b.devtools.restart.ChangeableUrls    : The Class-Path manifest attribute in C:\Users\Mari\.m2\repository\com\sun\xml\bind\jaxb-core\4.0.1\jaxb-core-4.0.1.jar referenced one or more files that do not exist: file:/C:/Users/Mari/.m2/repository/com/sun/xml/bind/jaxb-core/4.0.1/jakarta.activation-api.jar,file:/C:/Users/Mari/.m2/repository/com/sun/xml/bind/jaxb-core/4.0.1/jakarta.xml.bind-api.jar
2024-06-09T16:14:26.057+03:00  INFO 19340 --- [restartedMain] .e.DevToolsPropertyDefaultsPostProcessor : Devtools property defaults active! Set 'spring.devtools.add-properties' to 'false' to disable
2024-06-09T16:14:26.057+03:00  INFO 19340 --- [restartedMain] .e.DevToolsPropertyDefaultsPostProcessor : For additional web related logging consider setting the 'logging.level.web' property to 'DEBUG'
2024-06-09T16:14:26.674+03:00  INFO 19340 --- [restartedMain] .s.d.r.c.RepositoryConfigurationDelegate : Multiple Spring Data modules found, entering strict repository configuration mode
2024-06-09T16:14:26.674+03:00  INFO 19340 --- [restartedMain] .s.d.r.c.RepositoryConfigurationDelegate : Bootstrapping Spring Data JDBC repositories in DEFAULT mode.
2024-06-09T16:14:26.689+03:00  INFO 19340 --- [restartedMain] .RepositoryConfigurationExtensionSupport : Spring Data JDBC - Could not safely identify store assignment for repository candidate interface com.svoiapp.repo.AuthRepo; If you want this repository to be a JDBC repository, consider annotating your entities with one of these annotations: org.springframework.data.relational.core.mapping.Table.
2024-06-09T16:14:26.689+03:00  INFO 19340 --- [restartedMain] .RepositoryConfigurationExtensionSupport : Spring Data JDBC - Could not safely identify store assignment for repository candidate interface com.svoiapp.repo.DataRepo; If you want this repository to be a JDBC repository, consider annotating your entities with one of these annotations: org.springframework.data.relational.core.mapping.Table.
2024-06-09T16:14:26.689+03:00  INFO 19340 --- [restartedMain] .s.d.r.c.RepositoryConfigurationDelegate : Finished Spring Data repository scanning in 21 ms. Found 0 JDBC repository interfaces.
2024-06-09T16:14:26.705+03:00  INFO 19340 --- [restartedMain] .s.d.r.c.RepositoryConfigurationDelegate : Multiple Spring Data modules found, entering strict repository configuration mode
2024-06-09T16:14:26.705+03:00  INFO 19340 --- [restartedMain] .s.d.r.c.RepositoryConfigurationDelegate : Bootstrapping Spring Data JPA repositories in DEFAULT mode.
2024-06-09T16:14:26.724+03:00  INFO 19340 --- [restartedMain] .s.d.r.c.RepositoryConfigurationDelegate : Finished Spring Data repository scanning in 22 ms. Found 2 JPA repository interfaces.
2024-06-09T16:14:27.034+03:00  INFO 19340 --- [restartedMain] trationDelegate$BeanPostProcessorChecker : Bean 'org.springframework.ws.config.annotation.DelegatingWsConfiguration' of type [org.springframework.ws.config.annotation.DelegatingWsConfiguration$$SpringCGLIB$$0] is not eligible for getting processed by all BeanPostProcessors (for example: not eligible for auto-proxying)
2024-06-09T16:14:27.050+03:00  INFO 19340 --- [restartedMain] .w.s.a.s.AnnotationActionEndpointMapping : Supporting [WS-Addressing August 2004, WS-Addressing 1.0]
2024-06-09T16:14:27.269+03:00  INFO 19340 --- [restartedMain] o.s.b.w.embedded.tomcat.TomcatWebServer  : Tomcat initialized with port(s): 8080 (http)
2024-06-09T16:14:27.284+03:00  INFO 19340 --- [restartedMain] o.apache.catalina.core.StandardService   : Starting service [Tomcat]
2024-06-09T16:14:27.284+03:00  INFO 19340 --- [restartedMain] o.apache.catalina.core.StandardEngine    : Starting Servlet engine: [Apache Tomcat/10.1.4]
2024-06-09T16:14:27.332+03:00  INFO 19340 --- [restartedMain] o.a.c.c.C.[Tomcat].[localhost].[/]       : Initializing Spring embedded WebApplicationContext
2024-06-09T16:14:27.332+03:00  INFO 19340 --- [restartedMain] w.s.c.ServletWebServerApplicationContext : Root WebApplicationContext: initialization completed in 1275 ms
2024-06-09T16:14:27.457+03:00  INFO 19340 --- [restartedMain] o.f.c.internal.license.VersionPrinter    : Flyway Community Edition 9.5.1 by Redgate
2024-06-09T16:14:27.457+03:00  INFO 19340 --- [restartedMain] o.f.c.internal.license.VersionPrinter    : See what's new here: https://flywaydb.org/documentation/learnmore/releaseNotes#9.5.1
2024-06-09T16:14:27.457+03:00  INFO 19340 --- [restartedMain] o.f.c.internal.license.VersionPrinter    : 
2024-06-09T16:14:27.457+03:00  INFO 19340 --- [restartedMain] com.zaxxer.hikari.HikariDataSource       : HikariPool-1 - Starting...
2024-06-09T16:14:27.457+03:00  WARN 19340 --- [restartedMain] c.zaxxer.hikari.util.DriverDataSource    : Registered driver with driverClassName=com.mysql.jdbc.Driver was not found, trying direct instantiation.
2024-06-09T16:14:27.723+03:00  INFO 19340 --- [restartedMain] com.zaxxer.hikari.pool.HikariPool        : HikariPool-1 - Added connection com.mysql.cj.jdbc.ConnectionImpl@18963c94
2024-06-09T16:14:27.723+03:00  INFO 19340 --- [restartedMain] com.zaxxer.hikari.HikariDataSource       : HikariPool-1 - Start completed.
2024-06-09T16:14:27.754+03:00  INFO 19340 --- [restartedMain] o.f.c.i.database.base.BaseDatabaseType   : Database: jdbc:mysql://localhost:3306/svoi (MySQL 8.0)
2024-06-09T16:14:27.817+03:00  INFO 19340 --- [restartedMain] o.f.core.internal.command.DbValidate     : Successfully validated 4 migrations (execution time 00:00.027s)
2024-06-09T16:14:27.833+03:00  INFO 19340 --- [restartedMain] o.f.core.internal.command.DbMigrate      : Current version of schema `svoi`: 4
2024-06-09T16:14:27.833+03:00  WARN 19340 --- [restartedMain] o.f.core.internal.command.DbMigrate      : Schema `svoi` has a version (4) that is newer than the latest available migration (3) !
2024-06-09T16:14:27.833+03:00  WARN 19340 --- [restartedMain] o.f.core.internal.command.DbMigrate      : Schema `svoi` contains a failed future migration to version 4 !
2024-06-09T16:14:27.833+03:00  INFO 19340 --- [restartedMain] o.f.core.internal.command.DbMigrate      : Schema `svoi` is up to date. No migration necessary.
2024-06-09T16:14:27.927+03:00  INFO 19340 --- [restartedMain] o.hibernate.jpa.internal.util.LogHelper  : HHH000204: Processing PersistenceUnitInfo [name: default]
2024-06-09T16:14:27.958+03:00  INFO 19340 --- [restartedMain] org.hibernate.Version                    : HHH000412: Hibernate ORM core version 6.1.6.Final
2024-06-09T16:14:28.052+03:00  WARN 19340 --- [restartedMain] org.hibernate.orm.deprecation            : HHH90000021: Encountered deprecated setting [javax.persistence.sharedCache.mode], use [jakarta.persistence.sharedCache.mode] instead
2024-06-09T16:14:28.130+03:00  INFO 19340 --- [restartedMain] SQL dialect                              : HHH000400: Using dialect: org.hibernate.dialect.MySQLDialect
2024-06-09T16:14:28.598+03:00  INFO 19340 --- [restartedMain] o.h.e.t.j.p.i.JtaPlatformInitiator       : HHH000490: Using JtaPlatform implementation: [org.hibernate.engine.transaction.jta.platform.internal.NoJtaPlatform]
2024-06-09T16:14:28.598+03:00  INFO 19340 --- [restartedMain] j.LocalContainerEntityManagerFactoryBean : Initialized JPA EntityManagerFactory for persistence unit 'default'
2024-06-09T16:14:28.942+03:00  WARN 19340 --- [restartedMain] JpaBaseConfiguration$JpaWebConfiguration : spring.jpa.open-in-view is enabled by default. Therefore, database queries may be performed during view rendering. Explicitly configure spring.jpa.open-in-view to disable this warning
2024-06-09T16:14:29.099+03:00  INFO 19340 --- [restartedMain] o.s.s.web.DefaultSecurityFilterChain     : Will secure any request with [org.springframework.security.web.session.DisableEncodeUrlFilter@47a2df9e, org.springframework.security.web.context.request.async.WebAsyncManagerIntegrationFilter@2c50b360, org.springframework.security.web.context.SecurityContextHolderFilter@43073b1a, org.springframework.security.web.header.HeaderWriterFilter@74930765, org.springframework.security.web.csrf.CsrfFilter@59cbbe31, org.springframework.security.web.authentication.logout.LogoutFilter@78ba5ebf, org.springframework.security.web.authentication.UsernamePasswordAuthenticationFilter@5ca5d17e, org.springframework.security.web.authentication.ui.DefaultLoginPageGeneratingFilter@409099d7, org.springframework.security.web.authentication.ui.DefaultLogoutPageGeneratingFilter@4e91274e, org.springframework.security.web.savedrequest.RequestCacheAwareFilter@23a98b47, org.springframework.security.web.servletapi.SecurityContextHolderAwareRequestFilter@174d8d6, org.springframework.security.web.authentication.AnonymousAuthenticationFilter@3c4d31c3, org.springframework.security.web.access.ExceptionTranslationFilter@75cbc48d, org.springframework.security.web.access.intercept.AuthorizationFilter@7a330216]
2024-06-09T16:14:29.099+03:00  INFO 19340 --- [restartedMain] o.s.s.web.DefaultSecurityFilterChain     : Will secure any request with [org.springframework.security.web.session.DisableEncodeUrlFilter@1b5030a2, org.springframework.security.web.context.request.async.WebAsyncManagerIntegrationFilter@740f8983, org.springframework.security.web.context.SecurityContextHolderFilter@6352146e, org.springframework.security.web.header.HeaderWriterFilter@103dab03, org.springframework.security.web.csrf.CsrfFilter@e897bfa, org.springframework.security.web.authentication.logout.LogoutFilter@53276b0c, org.springframework.security.web.savedrequest.RequestCacheAwareFilter@1ecadeb4, org.springframework.security.web.servletapi.SecurityContextHolderAwareRequestFilter@5fa612d1, org.springframework.security.web.authentication.AnonymousAuthenticationFilter@7b75186a, org.springframework.security.web.session.SessionManagementFilter@5185cf38, org.springframework.security.web.access.ExceptionTranslationFilter@b473442]
2024-06-09T16:14:29.692+03:00  INFO 19340 --- [restartedMain] o.s.b.d.a.OptionalLiveReloadServer       : LiveReload server is running on port 35729
2024-06-09T16:14:29.724+03:00  INFO 19340 --- [restartedMain] o.s.b.w.embedded.tomcat.TomcatWebServer  : Tomcat started on port(s): 8080 (http) with context path ''
2024-06-09T16:14:29.739+03:00  INFO 19340 --- [restartedMain] com.svoiapp.SvoiAppApplication           : Started SvoiAppApplication in 4.041 seconds (process running for 4.662)
2024-06-09T16:14:33.883+03:00  INFO 19340 --- [http-nio-8080-exec-1] o.a.c.c.C.[Tomcat].[localhost].[/]       : Initializing Spring DispatcherServlet 'dispatcherServlet'
2024-06-09T16:14:33.883+03:00  INFO 19340 --- [http-nio-8080-exec-1] o.s.web.servlet.DispatcherServlet        : Initializing Servlet 'dispatcherServlet'
2024-06-09T16:14:33.883+03:00  INFO 19340 --- [http-nio-8080-exec-1] o.s.web.servlet.DispatcherServlet        : Completed initialization in 0 ms
2024-06-09T16:14:33.914+03:00  INFO 19340 --- [http-nio-8080-exec-1] c.svoiapp.controller.web.MainController  : ******************* in mehtod: home. logged in
2024-06-09T16:14:34.995+03:00  INFO 19340 --- [http-nio-8080-exec-7] c.svoiapp.controller.web.MainController  : ******************* in mehtod: home. logged in
2024-06-09T16:14:35.923+03:00  INFO 19340 --- [http-nio-8080-exec-1] c.svoiapp.controller.web.MainController  : ******************* in mehtod: home. logged in
2024-06-09T16:15:03.055+03:00  INFO 19340 --- [SpringApplicationShutdownHook] j.LocalContainerEntityManagerFactoryBean : Closing JPA EntityManagerFactory for persistence unit 'default'
2024-06-09T16:15:03.055+03:00  INFO 19340 --- [SpringApplicationShutdownHook] com.zaxxer.hikari.HikariDataSource       : HikariPool-1 - Shutdown initiated...
2024-06-09T16:15:03.071+03:00  INFO 19340 --- [SpringApplicationShutdownHook] com.zaxxer.hikari.HikariDataSource       : HikariPool-1 - Shutdown completed.
